<?xml version="1.0" encoding="UTF-8"?>
<!-- Generated by org.testng.reporters.JUnitReportReporter -->
<testsuite skipped="0" hostname="Sogotology-pc" name="test.AddNewItemPageTest" tests="3" failures="0" timestamp="2022-01-04T08:31:45 CST" time="68.045" errors="0">
  <testcase name="userShouldBeAbleToAddNewItem" time="16.717" classname="test.AddNewItemPageTest"/>
  <system-out/>
  <testcase name="userShouldNotBeAbleToAddADuplicateItem" time="16.595" classname="test.AddNewItemPageTest"/>
  <system-out/>
  <testcase name="userShouldBeAbleToSelectAllMonths" time="34.733" classname="test.AddNewItemPageTest"/>
  <system-out/>
</testsuite> <!-- test.AddNewItemPageTest -->
